<?xml version="1.0" encoding="UTF-8"?>
<coverage generated="1768436036376" clover="3.2.0">
  <project timestamp="1768436036376" name="All files">
    <metrics statements="243" coveredstatements="227" conditionals="148" coveredconditionals="122" methods="45" coveredmethods="43" elements="436" coveredelements="392" complexity="0" loc="243" ncloc="243" packages="1" files="2" classes="2"/>
    <file name="panel-controller.js" path="/Users/djm/claude-projects/github-repos/total-serialism/pen-plotter/shared/panel-controller.js">
      <metrics statements="121" coveredstatements="111" conditionals="73" coveredconditionals="60" methods="20" coveredmethods="19"/>
      <line num="8" count="1" type="stmt"/>
      <line num="14" count="1" type="stmt"/>
      <line num="33" count="30" type="stmt"/>
      <line num="34" count="30" type="stmt"/>
      <line num="35" count="30" type="stmt"/>
      <line num="36" count="30" type="stmt"/>
      <line num="37" count="30" type="stmt"/>
      <line num="38" count="30" type="stmt"/>
      <line num="39" count="30" type="stmt"/>
      <line num="40" count="30" type="stmt"/>
      <line num="41" count="30" type="stmt"/>
      <line num="50" count="28" type="cond" truecount="1" falsecount="1"/>
      <line num="51" count="0" type="stmt"/>
      <line num="52" count="0" type="stmt"/>
      <line num="56" count="28" type="stmt"/>
      <line num="57" count="28" type="stmt"/>
      <line num="59" count="28" type="cond" truecount="2" falsecount="0"/>
      <line num="60" count="1" type="stmt"/>
      <line num="61" count="1" type="stmt"/>
      <line num="65" count="27" type="cond" truecount="2" falsecount="0"/>
      <line num="66" count="26" type="stmt"/>
      <line num="67" count="26" type="cond" truecount="2" falsecount="0"/>
      <line num="68" count="1" type="stmt"/>
      <line num="73" count="27" type="cond" truecount="2" falsecount="0"/>
      <line num="74" count="2" type="stmt"/>
      <line num="76" count="25" type="stmt"/>
      <line num="80" count="27" type="cond" truecount="1" falsecount="1"/>
      <line num="81" count="27" type="stmt"/>
      <line num="82" count="27" type="cond" truecount="1" falsecount="1"/>
      <line num="86" count="27" type="stmt"/>
      <line num="89" count="27" type="stmt"/>
      <line num="91" count="27" type="stmt"/>
      <line num="92" count="27" type="stmt"/>
      <line num="99" count="25" type="stmt"/>
      <line num="100" count="25" type="stmt"/>
      <line num="101" count="25" type="stmt"/>
      <line num="102" count="25" type="stmt"/>
      <line num="112" count="25" type="cond" truecount="2" falsecount="0"/>
      <line num="113" count="25" type="stmt"/>
      <line num="115" count="25" type="stmt"/>
      <line num="116" count="25" type="stmt"/>
      <line num="124" count="27" type="cond" truecount="1" falsecount="1"/>
      <line num="125" count="27" type="stmt"/>
      <line num="126" count="27" type="stmt"/>
      <line num="127" count="27" type="stmt"/>
      <line num="131" count="60" type="stmt"/>
      <line num="132" count="27" type="stmt"/>
      <line num="133" count="27" type="stmt"/>
      <line num="141" count="60" type="stmt"/>
      <line num="142" count="60" type="cond" truecount="4" falsecount="0"/>
      <line num="148" count="60" type="cond" truecount="4" falsecount="0"/>
      <line num="149" count="19" type="stmt"/>
      <line num="150" count="19" type="stmt"/>
      <line num="154" count="41" type="cond" truecount="5" falsecount="0"/>
      <line num="155" count="1" type="stmt"/>
      <line num="163" count="32" type="stmt"/>
      <line num="164" count="32" type="stmt"/>
      <line num="165" count="32" type="stmt"/>
      <line num="166" count="32" type="stmt"/>
      <line num="167" count="32" type="stmt"/>
      <line num="174" count="3" type="cond" truecount="2" falsecount="0"/>
      <line num="175" count="2" type="stmt"/>
      <line num="176" count="2" type="stmt"/>
      <line num="177" count="2" type="stmt"/>
      <line num="178" count="2" type="stmt"/>
      <line num="179" count="2" type="stmt"/>
      <line num="186" count="1" type="cond" truecount="1" falsecount="1"/>
      <line num="187" count="0" type="stmt"/>
      <line num="188" count="0" type="stmt"/>
      <line num="189" count="0" type="stmt"/>
      <line num="190" count="0" type="stmt"/>
      <line num="191" count="0" type="stmt"/>
      <line num="199" count="17" type="stmt"/>
      <line num="208" count="1" type="stmt"/>
      <line num="209" count="1" type="stmt"/>
      <line num="210" count="1" type="stmt"/>
      <line num="218" count="4" type="cond" truecount="1" falsecount="1"/>
      <line num="219" count="0" type="stmt"/>
      <line num="220" count="0" type="stmt"/>
      <line num="224" count="4" type="stmt"/>
      <line num="225" count="8" type="stmt"/>
      <line num="227" count="4" type="stmt"/>
      <line num="230" count="4" type="stmt"/>
      <line num="233" count="4" type="cond" truecount="1" falsecount="1"/>
      <line num="234" count="4" type="stmt"/>
      <line num="238" count="4" type="cond" truecount="5" falsecount="0"/>
      <line num="239" count="3" type="stmt"/>
      <line num="242" count="4" type="stmt"/>
      <line num="243" count="4" type="stmt"/>
      <line num="244" count="4" type="stmt"/>
      <line num="245" count="4" type="stmt"/>
      <line num="252" count="61" type="cond" truecount="2" falsecount="0"/>
      <line num="253" count="25" type="stmt"/>
      <line num="254" count="25" type="cond" truecount="1" falsecount="1"/>
      <line num="255" count="25" type="stmt"/>
      <line num="258" count="36" type="stmt"/>
      <line num="259" count="36" type="cond" truecount="1" falsecount="1"/>
      <line num="260" count="36" type="stmt"/>
      <line num="265" count="61" type="cond" truecount="1" falsecount="1"/>
      <line num="266" count="61" type="stmt"/>
      <line num="267" count="61" type="cond" truecount="2" falsecount="0"/>
      <line num="268" count="25" type="stmt"/>
      <line num="270" count="36" type="stmt"/>
      <line num="274" count="61" type="stmt"/>
      <line num="281" count="62" type="cond" truecount="1" falsecount="1"/>
      <line num="282" count="62" type="stmt"/>
      <line num="283" count="62" type="cond" truecount="2" falsecount="0"/>
      <line num="284" count="59" type="cond" truecount="2" falsecount="0"/>
      <line num="294" count="34" type="cond" truecount="2" falsecount="0"/>
      <line num="295" count="32" type="stmt"/>
      <line num="296" count="32" type="stmt"/>
      <line num="298" count="0" type="stmt"/>
      <line num="306" count="34" type="cond" truecount="2" falsecount="0"/>
      <line num="307" count="6" type="stmt"/>
      <line num="316" count="34" type="stmt"/>
      <line num="317" count="1" type="stmt"/>
      <line num="318" count="1" type="stmt"/>
      <line num="324" count="1" type="stmt"/>
      <line num="327" count="1" type="cond" truecount="3" falsecount="1"/>
      <line num="328" count="1" type="stmt"/>
      <line num="330" count="1" type="stmt"/>
    </file>
    <file name="stats-display.js" path="/Users/djm/claude-projects/github-repos/total-serialism/pen-plotter/shared/stats-display.js">
      <metrics statements="122" coveredstatements="116" conditionals="75" coveredconditionals="62" methods="25" coveredmethods="24"/>
      <line num="8" count="1" type="stmt"/>
      <line num="14" count="1" type="stmt"/>
      <line num="27" count="36" type="stmt"/>
      <line num="28" count="36" type="stmt"/>
      <line num="29" count="36" type="stmt"/>
      <line num="30" count="36" type="stmt"/>
      <line num="31" count="36" type="stmt"/>
      <line num="32" count="36" type="stmt"/>
      <line num="33" count="36" type="stmt"/>
      <line num="34" count="36" type="stmt"/>
      <line num="42" count="34" type="cond" truecount="1" falsecount="1"/>
      <line num="43" count="0" type="stmt"/>
      <line num="44" count="0" type="stmt"/>
      <line num="47" count="34" type="stmt"/>
      <line num="48" count="34" type="cond" truecount="2" falsecount="0"/>
      <line num="49" count="1" type="stmt"/>
      <line num="50" count="1" type="stmt"/>
      <line num="54" count="33" type="stmt"/>
      <line num="55" count="33" type="stmt"/>
      <line num="56" count="33" type="stmt"/>
      <line num="57" count="33" type="stmt"/>
      <line num="58" count="33" type="stmt"/>
      <line num="61" count="33" type="cond" truecount="2" falsecount="0"/>
      <line num="62" count="1" type="stmt"/>
      <line num="66" count="33" type="stmt"/>
      <line num="68" count="33" type="stmt"/>
      <line num="69" count="33" type="stmt"/>
      <line num="77" count="25" type="cond" truecount="4" falsecount="0"/>
      <line num="78" count="3" type="stmt"/>
      <line num="81" count="22" type="stmt"/>
      <line num="83" count="22" type="cond" truecount="2" falsecount="0"/>
      <line num="84" count="17" type="stmt"/>
      <line num="86" count="5" type="stmt"/>
      <line num="87" count="5" type="stmt"/>
      <line num="88" count="2" type="stmt"/>
      <line num="97" count="19" type="cond" truecount="3" falsecount="1"/>
      <line num="100" count="19" type="stmt"/>
      <line num="101" count="19" type="stmt"/>
      <line num="104" count="19" type="stmt"/>
      <line num="107" count="19" type="stmt"/>
      <line num="108" count="25" type="stmt"/>
      <line num="111" count="19" type="stmt"/>
      <line num="118" count="19" type="cond" truecount="2" falsecount="0"/>
      <line num="119" count="1" type="stmt"/>
      <line num="123" count="18" type="stmt"/>
      <line num="124" count="23" type="cond" truecount="5" falsecount="0"/>
      <line num="125" count="5" type="stmt"/>
      <line num="127" count="18" type="stmt"/>
      <line num="135" count="31" type="stmt"/>
      <line num="137" count="31" type="stmt"/>
      <line num="138" count="31" type="stmt"/>
      <line num="139" count="31" type="stmt"/>
      <line num="141" count="31" type="stmt"/>
      <line num="142" count="31" type="stmt"/>
      <line num="143" count="31" type="cond" truecount="2" falsecount="0"/>
      <line num="145" count="31" type="stmt"/>
      <line num="146" count="31" type="stmt"/>
      <line num="147" count="31" type="stmt"/>
      <line num="149" count="31" type="stmt"/>
      <line num="150" count="31" type="stmt"/>
      <line num="151" count="31" type="stmt"/>
      <line num="153" count="31" type="stmt"/>
      <line num="163" count="7" type="cond" truecount="1" falsecount="1"/>
      <line num="165" count="7" type="stmt"/>
      <line num="167" count="7" type="cond" truecount="2" falsecount="0"/>
      <line num="169" count="1" type="stmt"/>
      <line num="170" count="1" type="cond" truecount="1" falsecount="1"/>
      <line num="171" count="1" type="stmt"/>
      <line num="173" count="1" type="stmt"/>
      <line num="176" count="6" type="stmt"/>
      <line num="188" count="1" type="cond" truecount="1" falsecount="1"/>
      <line num="189" count="1" type="stmt"/>
      <line num="191" count="1" type="stmt"/>
      <line num="198" count="2" type="stmt"/>
      <line num="199" count="2" type="cond" truecount="1" falsecount="1"/>
      <line num="200" count="2" type="stmt"/>
      <line num="208" count="2" type="stmt"/>
      <line num="209" count="2" type="cond" truecount="1" falsecount="1"/>
      <line num="210" count="2" type="stmt"/>
      <line num="219" count="3" type="stmt"/>
      <line num="227" count="2" type="cond" truecount="2" falsecount="0"/>
      <line num="228" count="1" type="stmt"/>
      <line num="229" count="1" type="stmt"/>
      <line num="233" count="2" type="cond" truecount="3" falsecount="1"/>
      <line num="234" count="2" type="stmt"/>
      <line num="237" count="2" type="stmt"/>
      <line num="238" count="2" type="stmt"/>
      <line num="239" count="2" type="stmt"/>
      <line num="240" count="2" type="stmt"/>
      <line num="248" count="32" type="cond" truecount="4" falsecount="0"/>
      <line num="249" count="1" type="stmt"/>
      <line num="253" count="31" type="cond" truecount="2" falsecount="0"/>
      <line num="254" count="1" type="stmt"/>
      <line num="258" count="30" type="cond" truecount="4" falsecount="1"/>
      <line num="259" count="0" type="stmt"/>
      <line num="263" count="30" type="cond" truecount="1" falsecount="1"/>
      <line num="264" count="0" type="stmt"/>
      <line num="267" count="30" type="cond" truecount="2" falsecount="0"/>
      <line num="268" count="2" type="stmt"/>
      <line num="271" count="28" type="cond" truecount="2" falsecount="0"/>
      <line num="272" count="1" type="stmt"/>
      <line num="276" count="27" type="stmt"/>
      <line num="283" count="27" type="cond" truecount="1" falsecount="1"/>
      <line num="284" count="0" type="stmt"/>
      <line num="288" count="27" type="cond" truecount="2" falsecount="0"/>
      <line num="289" count="26" type="stmt"/>
      <line num="293" count="1" type="stmt"/>
      <line num="303" count="2" type="cond" truecount="2" falsecount="0"/>
      <line num="305" count="1" type="stmt"/>
      <line num="308" count="1" type="stmt"/>
      <line num="315" count="1" type="stmt"/>
      <line num="323" count="25" type="stmt"/>
      <line num="324" count="25" type="stmt"/>
      <line num="334" count="1" type="stmt"/>
      <line num="342" count="1" type="stmt"/>
      <line num="350" count="1" type="stmt"/>
      <line num="358" count="1" type="stmt"/>
      <line num="366" count="0" type="stmt"/>
      <line num="371" count="1" type="stmt"/>
      <line num="374" count="1" type="cond" truecount="3" falsecount="1"/>
      <line num="375" count="1" type="stmt"/>
      <line num="377" count="1" type="stmt"/>
    </file>
  </project>
</coverage>
