{"/Users/djm/claude-projects/github-repos/total-serialism/pen-plotter/shared/panel-controller.js": {"path":"/Users/djm/claude-projects/github-repos/total-serialism/pen-plotter/shared/panel-controller.js","statementMap":{"0":{"start":{"line":8,"column":0},"end":{"line":332,"column":52}},"1":{"start":{"line":14,"column":19},"end":{"line":26,"column":3}},"2":{"start":{"line":33,"column":6},"end":{"line":33,"column":49}},"3":{"start":{"line":34,"column":6},"end":{"line":34,"column":52}},"4":{"start":{"line":35,"column":6},"end":{"line":35,"column":27}},"5":{"start":{"line":36,"column":6},"end":{"line":36,"column":28}},"6":{"start":{"line":37,"column":6},"end":{"line":37,"column":29}},"7":{"start":{"line":38,"column":6},"end":{"line":38,"column":34}},"8":{"start":{"line":39,"column":6},"end":{"line":39,"column":27}},"9":{"start":{"line":40,"column":6},"end":{"line":40,"column":29}},"10":{"start":{"line":41,"column":6},"end":{"line":41,"column":33}},"11":{"start":{"line":50,"column":6},"end":{"line":53,"column":7}},"12":{"start":{"line":51,"column":8},"end":{"line":51,"column":84}},"13":{"start":{"line":52,"column":8},"end":{"line":52,"column":20}},"14":{"start":{"line":56,"column":6},"end":{"line":56,"column":73}},"15":{"start":{"line":57,"column":6},"end":{"line":57,"column":79}},"16":{"start":{"line":59,"column":6},"end":{"line":62,"column":7}},"17":{"start":{"line":60,"column":8},"end":{"line":60,"column":98}},"18":{"start":{"line":61,"column":8},"end":{"line":61,"column":20}},"19":{"start":{"line":65,"column":6},"end":{"line":70,"column":7}},"20":{"start":{"line":66,"column":27},"end":{"line":66,"column":72}},"21":{"start":{"line":67,"column":8},"end":{"line":69,"column":9}},"22":{"start":{"line":68,"column":10},"end":{"line":68,"column":33}},"23":{"start":{"line":73,"column":6},"end":{"line":77,"column":7}},"24":{"start":{"line":74,"column":8},"end":{"line":74,"column":78}},"25":{"start":{"line":76,"column":8},"end":{"line":76,"column":35}},"26":{"start":{"line":80,"column":6},"end":{"line":83,"column":7}},"27":{"start":{"line":81,"column":8},"end":{"line":81,"column":80}},"28":{"start":{"line":82,"column":8},"end":{"line":82,"column":86}},"29":{"start":{"line":86,"column":6},"end":{"line":86,"column":25}},"30":{"start":{"line":89,"column":6},"end":{"line":89,"column":29}},"31":{"start":{"line":91,"column":6},"end":{"line":91,"column":28}},"32":{"start":{"line":92,"column":6},"end":{"line":92,"column":18}},"33":{"start":{"line":99,"column":18},"end":{"line":99,"column":50}},"34":{"start":{"line":100,"column":6},"end":{"line":100,"column":40}},"35":{"start":{"line":101,"column":6},"end":{"line":101,"column":33}},"36":{"start":{"line":102,"column":6},"end":{"line":109,"column":8}},"37":{"start":{"line":112,"column":24},"end":{"line":112,"column":55}},"38":{"start":{"line":113,"column":6},"end":{"line":113,"column":33}},"39":{"start":{"line":115,"column":6},"end":{"line":115,"column":28}},"40":{"start":{"line":116,"column":6},"end":{"line":116,"column":33}},"41":{"start":{"line":124,"column":6},"end":{"line":128,"column":7}},"42":{"start":{"line":125,"column":29},"end":{"line":125,"column":48}},"43":{"start":{"line":125,"column":35},"end":{"line":125,"column":48}},"44":{"start":{"line":126,"column":8},"end":{"line":126,"column":64}},"45":{"start":{"line":127,"column":8},"end":{"line":127,"column":93}},"46":{"start":{"line":131,"column":25},"end":{"line":131,"column":54}},"47":{"start":{"line":131,"column":32},"end":{"line":131,"column":54}},"48":{"start":{"line":132,"column":6},"end":{"line":132,"column":55}},"49":{"start":{"line":133,"column":6},"end":{"line":133,"column":84}},"50":{"start":{"line":141,"column":21},"end":{"line":141,"column":29}},"51":{"start":{"line":142,"column":22},"end":{"line":145,"column":46}},"52":{"start":{"line":148,"column":6},"end":{"line":151,"column":7}},"53":{"start":{"line":149,"column":8},"end":{"line":149,"column":22}},"54":{"start":{"line":150,"column":8},"end":{"line":150,"column":15}},"55":{"start":{"line":154,"column":6},"end":{"line":156,"column":7}},"56":{"start":{"line":155,"column":8},"end":{"line":155,"column":24}},"57":{"start":{"line":163,"column":6},"end":{"line":163,"column":41}},"58":{"start":{"line":164,"column":6},"end":{"line":164,"column":25}},"59":{"start":{"line":165,"column":6},"end":{"line":165,"column":24}},"60":{"start":{"line":166,"column":6},"end":{"line":166,"column":27}},"61":{"start":{"line":167,"column":6},"end":{"line":167,"column":29}},"62":{"start":{"line":174,"column":6},"end":{"line":174,"column":34}},"63":{"start":{"line":174,"column":27},"end":{"line":174,"column":34}},"64":{"start":{"line":175,"column":6},"end":{"line":175,"column":29}},"65":{"start":{"line":176,"column":6},"end":{"line":176,"column":25}},"66":{"start":{"line":177,"column":6},"end":{"line":177,"column":24}},"67":{"start":{"line":178,"column":6},"end":{"line":178,"column":27}},"68":{"start":{"line":179,"column":6},"end":{"line":179,"column":29}},"69":{"start":{"line":186,"column":6},"end":{"line":186,"column":35}},"70":{"start":{"line":186,"column":28},"end":{"line":186,"column":35}},"71":{"start":{"line":187,"column":6},"end":{"line":187,"column":30}},"72":{"start":{"line":188,"column":6},"end":{"line":188,"column":25}},"73":{"start":{"line":189,"column":6},"end":{"line":189,"column":24}},"74":{"start":{"line":190,"column":6},"end":{"line":190,"column":27}},"75":{"start":{"line":191,"column":6},"end":{"line":191,"column":29}},"76":{"start":{"line":199,"column":6},"end":{"line":199,"column":29}},"77":{"start":{"line":208,"column":6},"end":{"line":208,"column":44}},"78":{"start":{"line":209,"column":6},"end":{"line":209,"column":46}},"79":{"start":{"line":210,"column":6},"end":{"line":210,"column":32}},"80":{"start":{"line":218,"column":6},"end":{"line":221,"column":7}},"81":{"start":{"line":219,"column":8},"end":{"line":219,"column":42}},"82":{"start":{"line":220,"column":8},"end":{"line":220,"column":35}},"83":{"start":{"line":224,"column":6},"end":{"line":226,"column":7}},"84":{"start":{"line":225,"column":8},"end":{"line":225,"column":47}},"85":{"start":{"line":227,"column":6},"end":{"line":227,"column":27}},"86":{"start":{"line":230,"column":6},"end":{"line":230,"column":59}},"87":{"start":{"line":233,"column":6},"end":{"line":235,"column":7}},"88":{"start":{"line":234,"column":8},"end":{"line":234,"column":55}},"89":{"start":{"line":238,"column":6},"end":{"line":240,"column":7}},"90":{"start":{"line":239,"column":8},"end":{"line":239,"column":64}},"91":{"start":{"line":242,"column":6},"end":{"line":242,"column":29}},"92":{"start":{"line":243,"column":6},"end":{"line":243,"column":27}},"93":{"start":{"line":244,"column":6},"end":{"line":244,"column":28}},"94":{"start":{"line":245,"column":6},"end":{"line":245,"column":29}},"95":{"start":{"line":252,"column":6},"end":{"line":262,"column":7}},"96":{"start":{"line":253,"column":8},"end":{"line":253,"column":58}},"97":{"start":{"line":254,"column":8},"end":{"line":256,"column":9}},"98":{"start":{"line":255,"column":10},"end":{"line":255,"column":54}},"99":{"start":{"line":258,"column":8},"end":{"line":258,"column":61}},"100":{"start":{"line":259,"column":8},"end":{"line":261,"column":9}},"101":{"start":{"line":260,"column":10},"end":{"line":260,"column":57}},"102":{"start":{"line":265,"column":6},"end":{"line":272,"column":7}},"103":{"start":{"line":266,"column":8},"end":{"line":266,"column":80}},"104":{"start":{"line":267,"column":8},"end":{"line":271,"column":9}},"105":{"start":{"line":268,"column":10},"end":{"line":268,"column":53}},"106":{"start":{"line":270,"column":10},"end":{"line":270,"column":56}},"107":{"start":{"line":274,"column":6},"end":{"line":274,"column":32}},"108":{"start":{"line":281,"column":6},"end":{"line":281,"column":35}},"109":{"start":{"line":281,"column":28},"end":{"line":281,"column":35}},"110":{"start":{"line":282,"column":22},"end":{"line":282,"column":77}},"111":{"start":{"line":283,"column":6},"end":{"line":287,"column":7}},"112":{"start":{"line":284,"column":8},"end":{"line":286,"column":39}},"113":{"start":{"line":294,"column":6},"end":{"line":294,"column":45}},"114":{"start":{"line":294,"column":38},"end":{"line":294,"column":45}},"115":{"start":{"line":295,"column":6},"end":{"line":299,"column":7}},"116":{"start":{"line":296,"column":8},"end":{"line":296,"column":79}},"117":{"start":{"line":298,"column":8},"end":{"line":298,"column":70}},"118":{"start":{"line":306,"column":6},"end":{"line":308,"column":7}},"119":{"start":{"line":307,"column":8},"end":{"line":307,"column":47}},"120":{"start":{"line":316,"column":6},"end":{"line":319,"column":42}},"121":{"start":{"line":317,"column":8},"end":{"line":317,"column":50}},"122":{"start":{"line":318,"column":8},"end":{"line":318,"column":35}},"123":{"start":{"line":324,"column":2},"end":{"line":324,"column":40}},"124":{"start":{"line":327,"column":2},"end":{"line":329,"column":3}},"125":{"start":{"line":328,"column":4},"end":{"line":328,"column":39}},"126":{"start":{"line":330,"column":2},"end":{"line":330,"column":47}}},"fnMap":{"0":{"name":"(anonymous_0)","decl":{"start":{"line":8,"column":1},"end":{"line":8,"column":2}},"loc":{"start":{"line":8,"column":18},"end":{"line":332,"column":1}},"line":8},"1":{"name":"(anonymous_1)","decl":{"start":{"line":32,"column":4},"end":{"line":32,"column":5}},"loc":{"start":{"line":32,"column":30},"end":{"line":42,"column":5}},"line":32},"2":{"name":"(anonymous_2)","decl":{"start":{"line":48,"column":4},"end":{"line":48,"column":5}},"loc":{"start":{"line":48,"column":13},"end":{"line":93,"column":5}},"line":48},"3":{"name":"(anonymous_3)","decl":{"start":{"line":98,"column":4},"end":{"line":98,"column":5}},"loc":{"start":{"line":98,"column":26},"end":{"line":117,"column":5}},"line":98},"4":{"name":"(anonymous_4)","decl":{"start":{"line":122,"column":4},"end":{"line":122,"column":5}},"loc":{"start":{"line":122,"column":22},"end":{"line":134,"column":5}},"line":122},"5":{"name":"(anonymous_5)","decl":{"start":{"line":125,"column":29},"end":{"line":125,"column":30}},"loc":{"start":{"line":125,"column":35},"end":{"line":125,"column":48}},"line":125},"6":{"name":"(anonymous_6)","decl":{"start":{"line":131,"column":25},"end":{"line":131,"column":26}},"loc":{"start":{"line":131,"column":32},"end":{"line":131,"column":54}},"line":131},"7":{"name":"(anonymous_7)","decl":{"start":{"line":139,"column":4},"end":{"line":139,"column":5}},"loc":{"start":{"line":139,"column":22},"end":{"line":157,"column":5}},"line":139},"8":{"name":"(anonymous_8)","decl":{"start":{"line":162,"column":4},"end":{"line":162,"column":5}},"loc":{"start":{"line":162,"column":13},"end":{"line":168,"column":5}},"line":162},"9":{"name":"(anonymous_9)","decl":{"start":{"line":173,"column":4},"end":{"line":173,"column":5}},"loc":{"start":{"line":173,"column":15},"end":{"line":180,"column":5}},"line":173},"10":{"name":"(anonymous_10)","decl":{"start":{"line":185,"column":4},"end":{"line":185,"column":5}},"loc":{"start":{"line":185,"column":13},"end":{"line":192,"column":5}},"line":185},"11":{"name":"(anonymous_11)","decl":{"start":{"line":198,"column":4},"end":{"line":198,"column":5}},"loc":{"start":{"line":198,"column":18},"end":{"line":200,"column":5}},"line":198},"12":{"name":"(anonymous_12)","decl":{"start":{"line":207,"column":4},"end":{"line":207,"column":5}},"loc":{"start":{"line":207,"column":34},"end":{"line":211,"column":5}},"line":207},"13":{"name":"(anonymous_13)","decl":{"start":{"line":216,"column":4},"end":{"line":216,"column":5}},"loc":{"start":{"line":216,"column":14},"end":{"line":246,"column":5}},"line":216},"14":{"name":"(anonymous_14)","decl":{"start":{"line":251,"column":4},"end":{"line":251,"column":5}},"loc":{"start":{"line":251,"column":18},"end":{"line":275,"column":5}},"line":251},"15":{"name":"(anonymous_15)","decl":{"start":{"line":280,"column":4},"end":{"line":280,"column":5}},"loc":{"start":{"line":280,"column":25},"end":{"line":288,"column":5}},"line":280},"16":{"name":"(anonymous_16)","decl":{"start":{"line":293,"column":4},"end":{"line":293,"column":5}},"loc":{"start":{"line":293,"column":17},"end":{"line":300,"column":5}},"line":293},"17":{"name":"(anonymous_17)","decl":{"start":{"line":305,"column":4},"end":{"line":305,"column":5}},"loc":{"start":{"line":305,"column":20},"end":{"line":309,"column":5}},"line":305},"18":{"name":"(anonymous_18)","decl":{"start":{"line":314,"column":4},"end":{"line":314,"column":5}},"loc":{"start":{"line":314,"column":22},"end":{"line":320,"column":5}},"line":314},"19":{"name":"(anonymous_19)","decl":{"start":{"line":316,"column":39},"end":{"line":316,"column":40}},"loc":{"start":{"line":316,"column":45},"end":{"line":319,"column":7}},"line":316}},"branchMap":{"0":{"loc":{"start":{"line":32,"column":16},"end":{"line":32,"column":28}},"type":"default-arg","locations":[{"start":{"line":32,"column":26},"end":{"line":32,"column":28}}],"line":32},"1":{"loc":{"start":{"line":50,"column":6},"end":{"line":53,"column":7}},"type":"if","locations":[{"start":{"line":50,"column":6},"end":{"line":53,"column":7}},{"start":{},"end":{}}],"line":50},"2":{"loc":{"start":{"line":59,"column":6},"end":{"line":62,"column":7}},"type":"if","locations":[{"start":{"line":59,"column":6},"end":{"line":62,"column":7}},{"start":{},"end":{}}],"line":59},"3":{"loc":{"start":{"line":65,"column":6},"end":{"line":70,"column":7}},"type":"if","locations":[{"start":{"line":65,"column":6},"end":{"line":70,"column":7}},{"start":{},"end":{}}],"line":65},"4":{"loc":{"start":{"line":67,"column":8},"end":{"line":69,"column":9}},"type":"if","locations":[{"start":{"line":67,"column":8},"end":{"line":69,"column":9}},{"start":{},"end":{}}],"line":67},"5":{"loc":{"start":{"line":73,"column":6},"end":{"line":77,"column":7}},"type":"if","locations":[{"start":{"line":73,"column":6},"end":{"line":77,"column":7}},{"start":{"line":75,"column":13},"end":{"line":77,"column":7}}],"line":73},"6":{"loc":{"start":{"line":80,"column":6},"end":{"line":83,"column":7}},"type":"if","locations":[{"start":{"line":80,"column":6},"end":{"line":83,"column":7}},{"start":{},"end":{}}],"line":80},"7":{"loc":{"start":{"line":82,"column":54},"end":{"line":82,"column":84}},"type":"binary-expr","locations":[{"start":{"line":82,"column":54},"end":{"line":82,"column":70}},{"start":{"line":82,"column":74},"end":{"line":82,"column":84}}],"line":82},"8":{"loc":{"start":{"line":108,"column":46},"end":{"line":108,"column":120}},"type":"cond-expr","locations":[{"start":{"line":108,"column":64},"end":{"line":108,"column":91}},{"start":{"line":108,"column":94},"end":{"line":108,"column":120}}],"line":108},"9":{"loc":{"start":{"line":112,"column":24},"end":{"line":112,"column":55}},"type":"binary-expr","locations":[{"start":{"line":112,"column":24},"end":{"line":112,"column":38}},{"start":{"line":112,"column":42},"end":{"line":112,"column":55}}],"line":112},"10":{"loc":{"start":{"line":124,"column":6},"end":{"line":128,"column":7}},"type":"if","locations":[{"start":{"line":124,"column":6},"end":{"line":128,"column":7}},{"start":{},"end":{}}],"line":124},"11":{"loc":{"start":{"line":142,"column":22},"end":{"line":145,"column":46}},"type":"binary-expr","locations":[{"start":{"line":142,"column":22},"end":{"line":142,"column":48}},{"start":{"line":143,"column":22},"end":{"line":143,"column":51}},{"start":{"line":144,"column":22},"end":{"line":144,"column":49}},{"start":{"line":145,"column":22},"end":{"line":145,"column":46}}],"line":142},"12":{"loc":{"start":{"line":148,"column":6},"end":{"line":151,"column":7}},"type":"if","locations":[{"start":{"line":148,"column":6},"end":{"line":151,"column":7}},{"start":{},"end":{}}],"line":148},"13":{"loc":{"start":{"line":148,"column":10},"end":{"line":148,"column":35}},"type":"binary-expr","locations":[{"start":{"line":148,"column":10},"end":{"line":148,"column":23}},{"start":{"line":148,"column":27},"end":{"line":148,"column":35}}],"line":148},"14":{"loc":{"start":{"line":154,"column":6},"end":{"line":156,"column":7}},"type":"if","locations":[{"start":{"line":154,"column":6},"end":{"line":156,"column":7}},{"start":{},"end":{}}],"line":154},"15":{"loc":{"start":{"line":154,"column":10},"end":{"line":154,"column":79}},"type":"binary-expr","locations":[{"start":{"line":154,"column":10},"end":{"line":154,"column":28}},{"start":{"line":154,"column":32},"end":{"line":154,"column":45}},{"start":{"line":154,"column":49},"end":{"line":154,"column":79}}],"line":154},"16":{"loc":{"start":{"line":174,"column":6},"end":{"line":174,"column":34}},"type":"if","locations":[{"start":{"line":174,"column":6},"end":{"line":174,"column":34}},{"start":{},"end":{}}],"line":174},"17":{"loc":{"start":{"line":186,"column":6},"end":{"line":186,"column":35}},"type":"if","locations":[{"start":{"line":186,"column":6},"end":{"line":186,"column":35}},{"start":{},"end":{}}],"line":186},"18":{"loc":{"start":{"line":218,"column":6},"end":{"line":221,"column":7}},"type":"if","locations":[{"start":{"line":218,"column":6},"end":{"line":221,"column":7}},{"start":{},"end":{}}],"line":218},"19":{"loc":{"start":{"line":233,"column":6},"end":{"line":235,"column":7}},"type":"if","locations":[{"start":{"line":233,"column":6},"end":{"line":235,"column":7}},{"start":{},"end":{}}],"line":233},"20":{"loc":{"start":{"line":238,"column":6},"end":{"line":240,"column":7}},"type":"if","locations":[{"start":{"line":238,"column":6},"end":{"line":240,"column":7}},{"start":{},"end":{}}],"line":238},"21":{"loc":{"start":{"line":238,"column":10},"end":{"line":238,"column":78}},"type":"binary-expr","locations":[{"start":{"line":238,"column":10},"end":{"line":238,"column":29}},{"start":{"line":238,"column":33},"end":{"line":238,"column":48}},{"start":{"line":238,"column":52},"end":{"line":238,"column":78}}],"line":238},"22":{"loc":{"start":{"line":252,"column":6},"end":{"line":262,"column":7}},"type":"if","locations":[{"start":{"line":252,"column":6},"end":{"line":262,"column":7}},{"start":{"line":257,"column":13},"end":{"line":262,"column":7}}],"line":252},"23":{"loc":{"start":{"line":254,"column":8},"end":{"line":256,"column":9}},"type":"if","locations":[{"start":{"line":254,"column":8},"end":{"line":256,"column":9}},{"start":{},"end":{}}],"line":254},"24":{"loc":{"start":{"line":259,"column":8},"end":{"line":261,"column":9}},"type":"if","locations":[{"start":{"line":259,"column":8},"end":{"line":261,"column":9}},{"start":{},"end":{}}],"line":259},"25":{"loc":{"start":{"line":265,"column":6},"end":{"line":272,"column":7}},"type":"if","locations":[{"start":{"line":265,"column":6},"end":{"line":272,"column":7}},{"start":{},"end":{}}],"line":265},"26":{"loc":{"start":{"line":267,"column":8},"end":{"line":271,"column":9}},"type":"if","locations":[{"start":{"line":267,"column":8},"end":{"line":271,"column":9}},{"start":{"line":269,"column":15},"end":{"line":271,"column":9}}],"line":267},"27":{"loc":{"start":{"line":281,"column":6},"end":{"line":281,"column":35}},"type":"if","locations":[{"start":{"line":281,"column":6},"end":{"line":281,"column":35}},{"start":{},"end":{}}],"line":281},"28":{"loc":{"start":{"line":283,"column":6},"end":{"line":287,"column":7}},"type":"if","locations":[{"start":{"line":283,"column":6},"end":{"line":287,"column":7}},{"start":{},"end":{}}],"line":283},"29":{"loc":{"start":{"line":284,"column":30},"end":{"line":286,"column":38}},"type":"cond-expr","locations":[{"start":{"line":285,"column":12},"end":{"line":285,"column":39}},{"start":{"line":286,"column":12},"end":{"line":286,"column":38}}],"line":284},"30":{"loc":{"start":{"line":294,"column":6},"end":{"line":294,"column":45}},"type":"if","locations":[{"start":{"line":294,"column":6},"end":{"line":294,"column":45}},{"start":{},"end":{}}],"line":294},"31":{"loc":{"start":{"line":306,"column":6},"end":{"line":308,"column":7}},"type":"if","locations":[{"start":{"line":306,"column":6},"end":{"line":308,"column":7}},{"start":{},"end":{}}],"line":306},"32":{"loc":{"start":{"line":327,"column":2},"end":{"line":329,"column":3}},"type":"if","locations":[{"start":{"line":327,"column":2},"end":{"line":329,"column":3}},{"start":{},"end":{}}],"line":327},"33":{"loc":{"start":{"line":327,"column":6},"end":{"line":327,"column":53}},"type":"binary-expr","locations":[{"start":{"line":327,"column":6},"end":{"line":327,"column":35}},{"start":{"line":327,"column":39},"end":{"line":327,"column":53}}],"line":327},"34":{"loc":{"start":{"line":332,"column":3},"end":{"line":332,"column":50}},"type":"cond-expr","locations":[{"start":{"line":332,"column":35},"end":{"line":332,"column":41}},{"start":{"line":332,"column":44},"end":{"line":332,"column":50}}],"line":332}},"s":{"0":1,"1":1,"2":30,"3":30,"4":30,"5":30,"6":30,"7":30,"8":30,"9":30,"10":30,"11":28,"12":0,"13":0,"14":28,"15":28,"16":28,"17":1,"18":1,"19":27,"20":26,"21":26,"22":1,"23":27,"24":2,"25":25,"26":27,"27":27,"28":27,"29":27,"30":27,"31":27,"32":27,"33":25,"34":25,"35":25,"36":25,"37":25,"38":25,"39":25,"40":25,"41":27,"42":27,"43":0,"44":27,"45":27,"46":27,"47":60,"48":27,"49":27,"50":60,"51":60,"52":60,"53":19,"54":19,"55":41,"56":1,"57":32,"58":32,"59":32,"60":32,"61":32,"62":3,"63":1,"64":2,"65":2,"66":2,"67":2,"68":2,"69":1,"70":1,"71":0,"72":0,"73":0,"74":0,"75":0,"76":17,"77":1,"78":1,"79":1,"80":4,"81":0,"82":0,"83":4,"84":8,"85":4,"86":4,"87":4,"88":4,"89":4,"90":3,"91":4,"92":4,"93":4,"94":4,"95":61,"96":25,"97":25,"98":25,"99":36,"100":36,"101":36,"102":61,"103":61,"104":61,"105":25,"106":36,"107":61,"108":62,"109":0,"110":62,"111":62,"112":59,"113":34,"114":2,"115":32,"116":32,"117":0,"118":34,"119":6,"120":34,"121":1,"122":1,"123":1,"124":1,"125":1,"126":1},"f":{"0":1,"1":30,"2":28,"3":25,"4":27,"5":0,"6":60,"7":60,"8":32,"9":3,"10":1,"11":17,"12":1,"13":4,"14":61,"15":62,"16":34,"17":34,"18":34,"19":1},"b":{"0":[19],"1":[0,28],"2":[1,27],"3":[26,1],"4":[1,25],"5":[2,25],"6":[27,0],"7":[27,0],"8":[4,21],"9":[25,1],"10":[27,0],"11":[60,19,19,19],"12":[19,41],"13":[60,40],"14":[1,40],"15":[41,20,20],"16":[1,2],"17":[1,0],"18":[0,4],"19":[4,0],"20":[3,1],"21":[4,3,3],"22":[25,36],"23":[25,0],"24":[36,0],"25":[61,0],"26":[25,36],"27":[0,62],"28":[59,3],"29":[24,35],"30":[2,32],"31":[6,28],"32":[1,0],"33":[1,1],"34":[1,0]},"_coverageSchema":"1a1c01bbd47fc00a2c39e90264f33305004495a9","hash":"72e19c2c862a77aabe07a5d401ee9ad27b157b95"}
,"/Users/djm/claude-projects/github-repos/total-serialism/pen-plotter/shared/stats-display.js": {"path":"/Users/djm/claude-projects/github-repos/total-serialism/pen-plotter/shared/stats-display.js","statementMap":{"0":{"start":{"line":8,"column":0},"end":{"line":379,"column":52}},"1":{"start":{"line":14,"column":19},"end":{"line":20,"column":3}},"2":{"start":{"line":27,"column":6},"end":{"line":27,"column":49}},"3":{"start":{"line":28,"column":6},"end":{"line":28,"column":29}},"4":{"start":{"line":29,"column":6},"end":{"line":29,"column":25}},"5":{"start":{"line":30,"column":6},"end":{"line":30,"column":30}},"6":{"start":{"line":31,"column":6},"end":{"line":31,"column":43}},"7":{"start":{"line":32,"column":6},"end":{"line":32,"column":31}},"8":{"start":{"line":33,"column":6},"end":{"line":33,"column":32}},"9":{"start":{"line":34,"column":6},"end":{"line":34,"column":29}},"10":{"start":{"line":42,"column":6},"end":{"line":45,"column":7}},"11":{"start":{"line":43,"column":8},"end":{"line":43,"column":81}},"12":{"start":{"line":44,"column":8},"end":{"line":44,"column":20}},"13":{"start":{"line":47,"column":6},"end":{"line":47,"column":79}},"14":{"start":{"line":48,"column":6},"end":{"line":51,"column":7}},"15":{"start":{"line":49,"column":8},"end":{"line":49,"column":95}},"16":{"start":{"line":50,"column":8},"end":{"line":50,"column":20}},"17":{"start":{"line":54,"column":6},"end":{"line":54,"column":50}},"18":{"start":{"line":55,"column":6},"end":{"line":55,"column":45}},"19":{"start":{"line":56,"column":6},"end":{"line":56,"column":38}},"20":{"start":{"line":57,"column":6},"end":{"line":57,"column":49}},"21":{"start":{"line":58,"column":6},"end":{"line":58,"column":54}},"22":{"start":{"line":61,"column":6},"end":{"line":63,"column":7}},"23":{"start":{"line":62,"column":8},"end":{"line":62,"column":44}},"24":{"start":{"line":66,"column":6},"end":{"line":66,"column":76}},"25":{"start":{"line":68,"column":6},"end":{"line":68,"column":28}},"26":{"start":{"line":69,"column":6},"end":{"line":69,"column":18}},"27":{"start":{"line":77,"column":6},"end":{"line":79,"column":7}},"28":{"start":{"line":78,"column":8},"end":{"line":78,"column":15}},"29":{"start":{"line":81,"column":6},"end":{"line":81,"column":33}},"30":{"start":{"line":83,"column":6},"end":{"line":90,"column":7}},"31":{"start":{"line":84,"column":8},"end":{"line":84,"column":28}},"32":{"start":{"line":86,"column":8},"end":{"line":86,"column":40}},"33":{"start":{"line":87,"column":8},"end":{"line":89,"column":36}},"34":{"start":{"line":88,"column":10},"end":{"line":88,"column":30}},"35":{"start":{"line":97,"column":6},"end":{"line":97,"column":54}},"36":{"start":{"line":97,"column":47},"end":{"line":97,"column":54}},"37":{"start":{"line":100,"column":6},"end":{"line":100,"column":26}},"38":{"start":{"line":101,"column":6},"end":{"line":101,"column":36}},"39":{"start":{"line":104,"column":25},"end":{"line":104,"column":65}},"40":{"start":{"line":107,"column":6},"end":{"line":109,"column":7}},"41":{"start":{"line":108,"column":8},"end":{"line":108,"column":31}},"42":{"start":{"line":111,"column":6},"end":{"line":111,"column":32}},"43":{"start":{"line":118,"column":6},"end":{"line":120,"column":7}},"44":{"start":{"line":119,"column":8},"end":{"line":119,"column":21}},"45":{"start":{"line":123,"column":6},"end":{"line":128,"column":9}},"46":{"start":{"line":124,"column":8},"end":{"line":126,"column":9}},"47":{"start":{"line":125,"column":10},"end":{"line":125,"column":35}},"48":{"start":{"line":127,"column":8},"end":{"line":127,"column":30}},"49":{"start":{"line":135,"column":44},"end":{"line":135,"column":48}},"50":{"start":{"line":137,"column":19},"end":{"line":137,"column":48}},"51":{"start":{"line":138,"column":6},"end":{"line":138,"column":39}},"52":{"start":{"line":139,"column":6},"end":{"line":139,"column":46}},"53":{"start":{"line":141,"column":22},"end":{"line":141,"column":52}},"54":{"start":{"line":142,"column":6},"end":{"line":142,"column":43}},"55":{"start":{"line":143,"column":6},"end":{"line":143,"column":58}},"56":{"start":{"line":145,"column":22},"end":{"line":145,"column":52}},"57":{"start":{"line":146,"column":6},"end":{"line":146,"column":43}},"58":{"start":{"line":147,"column":6},"end":{"line":147,"column":61}},"59":{"start":{"line":149,"column":6},"end":{"line":149,"column":32}},"60":{"start":{"line":150,"column":6},"end":{"line":150,"column":32}},"61":{"start":{"line":151,"column":6},"end":{"line":151,"column":36}},"62":{"start":{"line":153,"column":6},"end":{"line":153,"column":68}},"63":{"start":{"line":163,"column":6},"end":{"line":163,"column":31}},"64":{"start":{"line":163,"column":24},"end":{"line":163,"column":31}},"65":{"start":{"line":165,"column":23},"end":{"line":165,"column":43}},"66":{"start":{"line":167,"column":6},"end":{"line":181,"column":7}},"67":{"start":{"line":169,"column":24},"end":{"line":169,"column":73}},"68":{"start":{"line":170,"column":8},"end":{"line":172,"column":9}},"69":{"start":{"line":171,"column":10},"end":{"line":171,"column":74}},"70":{"start":{"line":173,"column":8},"end":{"line":173,"column":31}},"71":{"start":{"line":176,"column":8},"end":{"line":180,"column":11}},"72":{"start":{"line":188,"column":6},"end":{"line":190,"column":7}},"73":{"start":{"line":189,"column":8},"end":{"line":189,"column":38}},"74":{"start":{"line":191,"column":6},"end":{"line":191,"column":26}},"75":{"start":{"line":198,"column":6},"end":{"line":198,"column":27}},"76":{"start":{"line":199,"column":6},"end":{"line":201,"column":7}},"77":{"start":{"line":200,"column":8},"end":{"line":200,"column":47}},"78":{"start":{"line":208,"column":6},"end":{"line":208,"column":28}},"79":{"start":{"line":209,"column":6},"end":{"line":211,"column":7}},"80":{"start":{"line":210,"column":8},"end":{"line":210,"column":44}},"81":{"start":{"line":219,"column":6},"end":{"line":219,"column":27}},"82":{"start":{"line":227,"column":6},"end":{"line":230,"column":7}},"83":{"start":{"line":228,"column":8},"end":{"line":228,"column":40}},"84":{"start":{"line":229,"column":8},"end":{"line":229,"column":33}},"85":{"start":{"line":233,"column":6},"end":{"line":235,"column":7}},"86":{"start":{"line":234,"column":8},"end":{"line":234,"column":56}},"87":{"start":{"line":237,"column":6},"end":{"line":237,"column":25}},"88":{"start":{"line":238,"column":6},"end":{"line":238,"column":29}},"89":{"start":{"line":239,"column":6},"end":{"line":239,"column":26}},"90":{"start":{"line":240,"column":6},"end":{"line":240,"column":29}},"91":{"start":{"line":248,"column":6},"end":{"line":250,"column":7}},"92":{"start":{"line":249,"column":8},"end":{"line":249,"column":39}},"93":{"start":{"line":253,"column":6},"end":{"line":255,"column":7}},"94":{"start":{"line":254,"column":8},"end":{"line":254,"column":21}},"95":{"start":{"line":258,"column":6},"end":{"line":260,"column":7}},"96":{"start":{"line":259,"column":8},"end":{"line":259,"column":39}},"97":{"start":{"line":263,"column":6},"end":{"line":265,"column":7}},"98":{"start":{"line":264,"column":8},"end":{"line":264,"column":29}},"99":{"start":{"line":267,"column":6},"end":{"line":269,"column":7}},"100":{"start":{"line":268,"column":8},"end":{"line":268,"column":39}},"101":{"start":{"line":271,"column":6},"end":{"line":273,"column":7}},"102":{"start":{"line":272,"column":8},"end":{"line":272,"column":42}},"103":{"start":{"line":276,"column":6},"end":{"line":276,"column":39}},"104":{"start":{"line":283,"column":6},"end":{"line":285,"column":7}},"105":{"start":{"line":284,"column":8},"end":{"line":284,"column":29}},"106":{"start":{"line":288,"column":6},"end":{"line":290,"column":7}},"107":{"start":{"line":289,"column":8},"end":{"line":289,"column":45}},"108":{"start":{"line":293,"column":6},"end":{"line":296,"column":9}},"109":{"start":{"line":303,"column":6},"end":{"line":306,"column":7}},"110":{"start":{"line":305,"column":8},"end":{"line":305,"column":49}},"111":{"start":{"line":308,"column":6},"end":{"line":308,"column":38}},"112":{"start":{"line":315,"column":6},"end":{"line":315,"column":44}},"113":{"start":{"line":323,"column":21},"end":{"line":323,"column":58}},"114":{"start":{"line":324,"column":6},"end":{"line":324,"column":62}},"115":{"start":{"line":334,"column":6},"end":{"line":334,"column":40}},"116":{"start":{"line":342,"column":6},"end":{"line":342,"column":46}},"117":{"start":{"line":350,"column":6},"end":{"line":350,"column":37}},"118":{"start":{"line":358,"column":6},"end":{"line":358,"column":41}},"119":{"start":{"line":366,"column":6},"end":{"line":366,"column":42}},"120":{"start":{"line":371,"column":2},"end":{"line":371,"column":37}},"121":{"start":{"line":374,"column":2},"end":{"line":376,"column":3}},"122":{"start":{"line":375,"column":4},"end":{"line":375,"column":36}},"123":{"start":{"line":377,"column":2},"end":{"line":377,"column":41}}},"fnMap":{"0":{"name":"(anonymous_0)","decl":{"start":{"line":8,"column":1},"end":{"line":8,"column":2}},"loc":{"start":{"line":8,"column":18},"end":{"line":379,"column":1}},"line":8},"1":{"name":"(anonymous_1)","decl":{"start":{"line":26,"column":4},"end":{"line":26,"column":5}},"loc":{"start":{"line":26,"column":30},"end":{"line":35,"column":5}},"line":26},"2":{"name":"(anonymous_2)","decl":{"start":{"line":41,"column":4},"end":{"line":41,"column":5}},"loc":{"start":{"line":41,"column":13},"end":{"line":70,"column":5}},"line":41},"3":{"name":"(anonymous_3)","decl":{"start":{"line":76,"column":4},"end":{"line":76,"column":5}},"loc":{"start":{"line":76,"column":18},"end":{"line":91,"column":5}},"line":76},"4":{"name":"(anonymous_4)","decl":{"start":{"line":87,"column":39},"end":{"line":87,"column":40}},"loc":{"start":{"line":87,"column":45},"end":{"line":89,"column":9}},"line":87},"5":{"name":"(anonymous_5)","decl":{"start":{"line":96,"column":4},"end":{"line":96,"column":5}},"loc":{"start":{"line":96,"column":19},"end":{"line":112,"column":5}},"line":96},"6":{"name":"(anonymous_6)","decl":{"start":{"line":117,"column":4},"end":{"line":117,"column":5}},"loc":{"start":{"line":117,"column":27},"end":{"line":129,"column":5}},"line":117},"7":{"name":"(anonymous_7)","decl":{"start":{"line":123,"column":39},"end":{"line":123,"column":40}},"loc":{"start":{"line":123,"column":57},"end":{"line":128,"column":7}},"line":123},"8":{"name":"(anonymous_8)","decl":{"start":{"line":134,"column":4},"end":{"line":134,"column":5}},"loc":{"start":{"line":134,"column":22},"end":{"line":154,"column":5}},"line":134},"9":{"name":"(anonymous_9)","decl":{"start":{"line":162,"column":4},"end":{"line":162,"column":5}},"loc":{"start":{"line":162,"column":27},"end":{"line":182,"column":5}},"line":162},"10":{"name":"(anonymous_10)","decl":{"start":{"line":187,"column":4},"end":{"line":187,"column":5}},"loc":{"start":{"line":187,"column":12},"end":{"line":192,"column":5}},"line":187},"11":{"name":"(anonymous_11)","decl":{"start":{"line":197,"column":4},"end":{"line":197,"column":5}},"loc":{"start":{"line":197,"column":11},"end":{"line":202,"column":5}},"line":197},"12":{"name":"(anonymous_12)","decl":{"start":{"line":207,"column":4},"end":{"line":207,"column":5}},"loc":{"start":{"line":207,"column":11},"end":{"line":212,"column":5}},"line":207},"13":{"name":"(anonymous_13)","decl":{"start":{"line":218,"column":4},"end":{"line":218,"column":5}},"loc":{"start":{"line":218,"column":16},"end":{"line":220,"column":5}},"line":218},"14":{"name":"(anonymous_14)","decl":{"start":{"line":225,"column":4},"end":{"line":225,"column":5}},"loc":{"start":{"line":225,"column":14},"end":{"line":241,"column":5}},"line":225},"15":{"name":"(anonymous_15)","decl":{"start":{"line":246,"column":4},"end":{"line":246,"column":5}},"loc":{"start":{"line":246,"column":32},"end":{"line":277,"column":5}},"line":246},"16":{"name":"(anonymous_16)","decl":{"start":{"line":282,"column":4},"end":{"line":282,"column":5}},"loc":{"start":{"line":282,"column":25},"end":{"line":297,"column":5}},"line":282},"17":{"name":"(anonymous_17)","decl":{"start":{"line":302,"column":4},"end":{"line":302,"column":5}},"loc":{"start":{"line":302,"column":25},"end":{"line":309,"column":5}},"line":302},"18":{"name":"(anonymous_18)","decl":{"start":{"line":314,"column":4},"end":{"line":314,"column":5}},"loc":{"start":{"line":314,"column":26},"end":{"line":316,"column":5}},"line":314},"19":{"name":"(anonymous_19)","decl":{"start":{"line":321,"column":4},"end":{"line":321,"column":5}},"loc":{"start":{"line":321,"column":20},"end":{"line":325,"column":5}},"line":321},"20":{"name":"(anonymous_20)","decl":{"start":{"line":333,"column":4},"end":{"line":333,"column":5}},"loc":{"start":{"line":333,"column":20},"end":{"line":335,"column":5}},"line":333},"21":{"name":"(anonymous_21)","decl":{"start":{"line":341,"column":4},"end":{"line":341,"column":5}},"loc":{"start":{"line":341,"column":23},"end":{"line":343,"column":5}},"line":341},"22":{"name":"(anonymous_22)","decl":{"start":{"line":349,"column":4},"end":{"line":349,"column":5}},"loc":{"start":{"line":349,"column":18},"end":{"line":351,"column":5}},"line":349},"23":{"name":"(anonymous_23)","decl":{"start":{"line":357,"column":4},"end":{"line":357,"column":5}},"loc":{"start":{"line":357,"column":23},"end":{"line":359,"column":5}},"line":357},"24":{"name":"(anonymous_24)","decl":{"start":{"line":365,"column":4},"end":{"line":365,"column":5}},"loc":{"start":{"line":365,"column":21},"end":{"line":367,"column":5}},"line":365}},"branchMap":{"0":{"loc":{"start":{"line":26,"column":16},"end":{"line":26,"column":28}},"type":"default-arg","locations":[{"start":{"line":26,"column":26},"end":{"line":26,"column":28}}],"line":26},"1":{"loc":{"start":{"line":42,"column":6},"end":{"line":45,"column":7}},"type":"if","locations":[{"start":{"line":42,"column":6},"end":{"line":45,"column":7}},{"start":{},"end":{}}],"line":42},"2":{"loc":{"start":{"line":48,"column":6},"end":{"line":51,"column":7}},"type":"if","locations":[{"start":{"line":48,"column":6},"end":{"line":51,"column":7}},{"start":{},"end":{}}],"line":48},"3":{"loc":{"start":{"line":61,"column":6},"end":{"line":63,"column":7}},"type":"if","locations":[{"start":{"line":61,"column":6},"end":{"line":63,"column":7}},{"start":{},"end":{}}],"line":61},"4":{"loc":{"start":{"line":77,"column":6},"end":{"line":79,"column":7}},"type":"if","locations":[{"start":{"line":77,"column":6},"end":{"line":79,"column":7}},{"start":{},"end":{}}],"line":77},"5":{"loc":{"start":{"line":77,"column":10},"end":{"line":77,"column":45}},"type":"binary-expr","locations":[{"start":{"line":77,"column":10},"end":{"line":77,"column":16}},{"start":{"line":77,"column":20},"end":{"line":77,"column":45}}],"line":77},"6":{"loc":{"start":{"line":83,"column":6},"end":{"line":90,"column":7}},"type":"if","locations":[{"start":{"line":83,"column":6},"end":{"line":90,"column":7}},{"start":{"line":85,"column":13},"end":{"line":90,"column":7}}],"line":83},"7":{"loc":{"start":{"line":97,"column":6},"end":{"line":97,"column":54}},"type":"if","locations":[{"start":{"line":97,"column":6},"end":{"line":97,"column":54}},{"start":{},"end":{}}],"line":97},"8":{"loc":{"start":{"line":97,"column":10},"end":{"line":97,"column":45}},"type":"binary-expr","locations":[{"start":{"line":97,"column":10},"end":{"line":97,"column":22}},{"start":{"line":97,"column":26},"end":{"line":97,"column":45}}],"line":97},"9":{"loc":{"start":{"line":118,"column":6},"end":{"line":120,"column":7}},"type":"if","locations":[{"start":{"line":118,"column":6},"end":{"line":120,"column":7}},{"start":{},"end":{}}],"line":118},"10":{"loc":{"start":{"line":124,"column":8},"end":{"line":126,"column":9}},"type":"if","locations":[{"start":{"line":124,"column":8},"end":{"line":126,"column":9}},{"start":{},"end":{}}],"line":124},"11":{"loc":{"start":{"line":124,"column":12},"end":{"line":124,"column":66}},"type":"binary-expr","locations":[{"start":{"line":124,"column":12},"end":{"line":124,"column":17}},{"start":{"line":124,"column":21},"end":{"line":124,"column":46}},{"start":{"line":124,"column":50},"end":{"line":124,"column":66}}],"line":124},"12":{"loc":{"start":{"line":143,"column":28},"end":{"line":143,"column":57}},"type":"binary-expr","locations":[{"start":{"line":143,"column":28},"end":{"line":143,"column":33}},{"start":{"line":143,"column":37},"end":{"line":143,"column":57}}],"line":143},"13":{"loc":{"start":{"line":163,"column":6},"end":{"line":163,"column":31}},"type":"if","locations":[{"start":{"line":163,"column":6},"end":{"line":163,"column":31}},{"start":{},"end":{}}],"line":163},"14":{"loc":{"start":{"line":167,"column":6},"end":{"line":181,"column":7}},"type":"if","locations":[{"start":{"line":167,"column":6},"end":{"line":181,"column":7}},{"start":{"line":174,"column":13},"end":{"line":181,"column":7}}],"line":167},"15":{"loc":{"start":{"line":170,"column":8},"end":{"line":172,"column":9}},"type":"if","locations":[{"start":{"line":170,"column":8},"end":{"line":172,"column":9}},{"start":{},"end":{}}],"line":170},"16":{"loc":{"start":{"line":179,"column":17},"end":{"line":179,"column":46}},"type":"binary-expr","locations":[{"start":{"line":179,"column":17},"end":{"line":179,"column":22}},{"start":{"line":179,"column":26},"end":{"line":179,"column":46}}],"line":179},"17":{"loc":{"start":{"line":188,"column":6},"end":{"line":190,"column":7}},"type":"if","locations":[{"start":{"line":188,"column":6},"end":{"line":190,"column":7}},{"start":{},"end":{}}],"line":188},"18":{"loc":{"start":{"line":199,"column":6},"end":{"line":201,"column":7}},"type":"if","locations":[{"start":{"line":199,"column":6},"end":{"line":201,"column":7}},{"start":{},"end":{}}],"line":199},"19":{"loc":{"start":{"line":209,"column":6},"end":{"line":211,"column":7}},"type":"if","locations":[{"start":{"line":209,"column":6},"end":{"line":211,"column":7}},{"start":{},"end":{}}],"line":209},"20":{"loc":{"start":{"line":227,"column":6},"end":{"line":230,"column":7}},"type":"if","locations":[{"start":{"line":227,"column":6},"end":{"line":230,"column":7}},{"start":{},"end":{}}],"line":227},"21":{"loc":{"start":{"line":233,"column":6},"end":{"line":235,"column":7}},"type":"if","locations":[{"start":{"line":233,"column":6},"end":{"line":235,"column":7}},{"start":{},"end":{}}],"line":233},"22":{"loc":{"start":{"line":233,"column":10},"end":{"line":233,"column":47}},"type":"binary-expr","locations":[{"start":{"line":233,"column":10},"end":{"line":233,"column":21}},{"start":{"line":233,"column":25},"end":{"line":233,"column":47}}],"line":233},"23":{"loc":{"start":{"line":248,"column":6},"end":{"line":250,"column":7}},"type":"if","locations":[{"start":{"line":248,"column":6},"end":{"line":250,"column":7}},{"start":{},"end":{}}],"line":248},"24":{"loc":{"start":{"line":248,"column":10},"end":{"line":248,"column":47}},"type":"binary-expr","locations":[{"start":{"line":248,"column":10},"end":{"line":248,"column":29}},{"start":{"line":248,"column":33},"end":{"line":248,"column":47}}],"line":248},"25":{"loc":{"start":{"line":253,"column":6},"end":{"line":255,"column":7}},"type":"if","locations":[{"start":{"line":253,"column":6},"end":{"line":255,"column":7}},{"start":{},"end":{}}],"line":253},"26":{"loc":{"start":{"line":258,"column":6},"end":{"line":260,"column":7}},"type":"if","locations":[{"start":{"line":258,"column":6},"end":{"line":260,"column":7}},{"start":{},"end":{}}],"line":258},"27":{"loc":{"start":{"line":258,"column":10},"end":{"line":258,"column":87}},"type":"binary-expr","locations":[{"start":{"line":258,"column":10},"end":{"line":258,"column":35}},{"start":{"line":258,"column":40},"end":{"line":258,"column":63}},{"start":{"line":258,"column":67},"end":{"line":258,"column":86}}],"line":258},"28":{"loc":{"start":{"line":263,"column":6},"end":{"line":265,"column":7}},"type":"if","locations":[{"start":{"line":263,"column":6},"end":{"line":265,"column":7}},{"start":{},"end":{}}],"line":263},"29":{"loc":{"start":{"line":267,"column":6},"end":{"line":269,"column":7}},"type":"if","locations":[{"start":{"line":267,"column":6},"end":{"line":269,"column":7}},{"start":{},"end":{}}],"line":267},"30":{"loc":{"start":{"line":271,"column":6},"end":{"line":273,"column":7}},"type":"if","locations":[{"start":{"line":271,"column":6},"end":{"line":273,"column":7}},{"start":{},"end":{}}],"line":271},"31":{"loc":{"start":{"line":283,"column":6},"end":{"line":285,"column":7}},"type":"if","locations":[{"start":{"line":283,"column":6},"end":{"line":285,"column":7}},{"start":{},"end":{}}],"line":283},"32":{"loc":{"start":{"line":288,"column":6},"end":{"line":290,"column":7}},"type":"if","locations":[{"start":{"line":288,"column":6},"end":{"line":290,"column":7}},{"start":{},"end":{}}],"line":288},"33":{"loc":{"start":{"line":303,"column":6},"end":{"line":306,"column":7}},"type":"if","locations":[{"start":{"line":303,"column":6},"end":{"line":306,"column":7}},{"start":{},"end":{}}],"line":303},"34":{"loc":{"start":{"line":374,"column":2},"end":{"line":376,"column":3}},"type":"if","locations":[{"start":{"line":374,"column":2},"end":{"line":376,"column":3}},{"start":{},"end":{}}],"line":374},"35":{"loc":{"start":{"line":374,"column":6},"end":{"line":374,"column":53}},"type":"binary-expr","locations":[{"start":{"line":374,"column":6},"end":{"line":374,"column":35}},{"start":{"line":374,"column":39},"end":{"line":374,"column":53}}],"line":374},"36":{"loc":{"start":{"line":379,"column":3},"end":{"line":379,"column":50}},"type":"cond-expr","locations":[{"start":{"line":379,"column":35},"end":{"line":379,"column":41}},{"start":{"line":379,"column":44},"end":{"line":379,"column":50}}],"line":379}},"s":{"0":1,"1":1,"2":36,"3":36,"4":36,"5":36,"6":36,"7":36,"8":36,"9":36,"10":34,"11":0,"12":0,"13":34,"14":34,"15":1,"16":1,"17":33,"18":33,"19":33,"20":33,"21":33,"22":33,"23":1,"24":33,"25":33,"26":33,"27":25,"28":3,"29":22,"30":22,"31":17,"32":5,"33":5,"34":2,"35":19,"36":0,"37":19,"38":19,"39":19,"40":19,"41":25,"42":19,"43":19,"44":1,"45":18,"46":23,"47":5,"48":18,"49":31,"50":31,"51":31,"52":31,"53":31,"54":31,"55":31,"56":31,"57":31,"58":31,"59":31,"60":31,"61":31,"62":31,"63":7,"64":0,"65":7,"66":7,"67":1,"68":1,"69":1,"70":1,"71":6,"72":1,"73":1,"74":1,"75":2,"76":2,"77":2,"78":2,"79":2,"80":2,"81":3,"82":2,"83":1,"84":1,"85":2,"86":2,"87":2,"88":2,"89":2,"90":2,"91":32,"92":1,"93":31,"94":1,"95":30,"96":0,"97":30,"98":0,"99":30,"100":2,"101":28,"102":1,"103":27,"104":27,"105":0,"106":27,"107":26,"108":1,"109":2,"110":1,"111":1,"112":1,"113":25,"114":25,"115":1,"116":1,"117":1,"118":1,"119":0,"120":1,"121":1,"122":1,"123":1},"f":{"0":1,"1":36,"2":34,"3":25,"4":2,"5":19,"6":19,"7":23,"8":31,"9":7,"10":1,"11":2,"12":2,"13":3,"14":2,"15":32,"16":27,"17":2,"18":1,"19":25,"20":1,"21":1,"22":1,"23":1,"24":0},"b":{"0":[29],"1":[0,34],"2":[1,33],"3":[1,32],"4":[3,22],"5":[25,23],"6":[17,5],"7":[0,19],"8":[19,19],"9":[1,18],"10":[5,18],"11":[23,22,5],"12":[31,24],"13":[0,7],"14":[1,6],"15":[1,0],"16":[6,1],"17":[1,0],"18":[2,0],"19":[2,0],"20":[1,1],"21":[2,0],"22":[2,2],"23":[1,31],"24":[32,31],"25":[1,30],"26":[0,30],"27":[30,30,30],"28":[0,30],"29":[2,28],"30":[1,27],"31":[0,27],"32":[26,1],"33":[1,1],"34":[1,0],"35":[1,1],"36":[1,0]},"_coverageSchema":"1a1c01bbd47fc00a2c39e90264f33305004495a9","hash":"4c4fa8c1bd246aafc840ce8576547b658a5a8470"}
}
