TN:
SF:pen-plotter/shared/panel-controller.js
FN:8,(anonymous_0)
FN:32,(anonymous_1)
FN:48,(anonymous_2)
FN:98,(anonymous_3)
FN:122,(anonymous_4)
FN:125,(anonymous_5)
FN:131,(anonymous_6)
FN:139,(anonymous_7)
FN:162,(anonymous_8)
FN:173,(anonymous_9)
FN:185,(anonymous_10)
FN:198,(anonymous_11)
FN:207,(anonymous_12)
FN:216,(anonymous_13)
FN:251,(anonymous_14)
FN:280,(anonymous_15)
FN:293,(anonymous_16)
FN:305,(anonymous_17)
FN:314,(anonymous_18)
FN:316,(anonymous_19)
FNF:20
FNH:19
FNDA:1,(anonymous_0)
FNDA:30,(anonymous_1)
FNDA:28,(anonymous_2)
FNDA:25,(anonymous_3)
FNDA:27,(anonymous_4)
FNDA:0,(anonymous_5)
FNDA:60,(anonymous_6)
FNDA:60,(anonymous_7)
FNDA:32,(anonymous_8)
FNDA:3,(anonymous_9)
FNDA:1,(anonymous_10)
FNDA:17,(anonymous_11)
FNDA:1,(anonymous_12)
FNDA:4,(anonymous_13)
FNDA:61,(anonymous_14)
FNDA:62,(anonymous_15)
FNDA:34,(anonymous_16)
FNDA:34,(anonymous_17)
FNDA:34,(anonymous_18)
FNDA:1,(anonymous_19)
DA:8,1
DA:14,1
DA:33,30
DA:34,30
DA:35,30
DA:36,30
DA:37,30
DA:38,30
DA:39,30
DA:40,30
DA:41,30
DA:50,28
DA:51,0
DA:52,0
DA:56,28
DA:57,28
DA:59,28
DA:60,1
DA:61,1
DA:65,27
DA:66,26
DA:67,26
DA:68,1
DA:73,27
DA:74,2
DA:76,25
DA:80,27
DA:81,27
DA:82,27
DA:86,27
DA:89,27
DA:91,27
DA:92,27
DA:99,25
DA:100,25
DA:101,25
DA:102,25
DA:112,25
DA:113,25
DA:115,25
DA:116,25
DA:124,27
DA:125,27
DA:126,27
DA:127,27
DA:131,60
DA:132,27
DA:133,27
DA:141,60
DA:142,60
DA:148,60
DA:149,19
DA:150,19
DA:154,41
DA:155,1
DA:163,32
DA:164,32
DA:165,32
DA:166,32
DA:167,32
DA:174,3
DA:175,2
DA:176,2
DA:177,2
DA:178,2
DA:179,2
DA:186,1
DA:187,0
DA:188,0
DA:189,0
DA:190,0
DA:191,0
DA:199,17
DA:208,1
DA:209,1
DA:210,1
DA:218,4
DA:219,0
DA:220,0
DA:224,4
DA:225,8
DA:227,4
DA:230,4
DA:233,4
DA:234,4
DA:238,4
DA:239,3
DA:242,4
DA:243,4
DA:244,4
DA:245,4
DA:252,61
DA:253,25
DA:254,25
DA:255,25
DA:258,36
DA:259,36
DA:260,36
DA:265,61
DA:266,61
DA:267,61
DA:268,25
DA:270,36
DA:274,61
DA:281,62
DA:282,62
DA:283,62
DA:284,59
DA:294,34
DA:295,32
DA:296,32
DA:298,0
DA:306,34
DA:307,6
DA:316,34
DA:317,1
DA:318,1
DA:324,1
DA:327,1
DA:328,1
DA:330,1
LF:121
LH:111
BRDA:32,0,0,19
BRDA:50,1,0,0
BRDA:50,1,1,28
BRDA:59,2,0,1
BRDA:59,2,1,27
BRDA:65,3,0,26
BRDA:65,3,1,1
BRDA:67,4,0,1
BRDA:67,4,1,25
BRDA:73,5,0,2
BRDA:73,5,1,25
BRDA:80,6,0,27
BRDA:80,6,1,0
BRDA:82,7,0,27
BRDA:82,7,1,0
BRDA:108,8,0,4
BRDA:108,8,1,21
BRDA:112,9,0,25
BRDA:112,9,1,1
BRDA:124,10,0,27
BRDA:124,10,1,0
BRDA:142,11,0,60
BRDA:142,11,1,19
BRDA:142,11,2,19
BRDA:142,11,3,19
BRDA:148,12,0,19
BRDA:148,12,1,41
BRDA:148,13,0,60
BRDA:148,13,1,40
BRDA:154,14,0,1
BRDA:154,14,1,40
BRDA:154,15,0,41
BRDA:154,15,1,20
BRDA:154,15,2,20
BRDA:174,16,0,1
BRDA:174,16,1,2
BRDA:186,17,0,1
BRDA:186,17,1,0
BRDA:218,18,0,0
BRDA:218,18,1,4
BRDA:233,19,0,4
BRDA:233,19,1,0
BRDA:238,20,0,3
BRDA:238,20,1,1
BRDA:238,21,0,4
BRDA:238,21,1,3
BRDA:238,21,2,3
BRDA:252,22,0,25
BRDA:252,22,1,36
BRDA:254,23,0,25
BRDA:254,23,1,0
BRDA:259,24,0,36
BRDA:259,24,1,0
BRDA:265,25,0,61
BRDA:265,25,1,0
BRDA:267,26,0,25
BRDA:267,26,1,36
BRDA:281,27,0,0
BRDA:281,27,1,62
BRDA:283,28,0,59
BRDA:283,28,1,3
BRDA:284,29,0,24
BRDA:284,29,1,35
BRDA:294,30,0,2
BRDA:294,30,1,32
BRDA:306,31,0,6
BRDA:306,31,1,28
BRDA:327,32,0,1
BRDA:327,32,1,0
BRDA:327,33,0,1
BRDA:327,33,1,1
BRDA:332,34,0,1
BRDA:332,34,1,0
BRF:73
BRH:60
end_of_record
TN:
SF:pen-plotter/shared/stats-display.js
FN:8,(anonymous_0)
FN:26,(anonymous_1)
FN:41,(anonymous_2)
FN:76,(anonymous_3)
FN:87,(anonymous_4)
FN:96,(anonymous_5)
FN:117,(anonymous_6)
FN:123,(anonymous_7)
FN:134,(anonymous_8)
FN:162,(anonymous_9)
FN:187,(anonymous_10)
FN:197,(anonymous_11)
FN:207,(anonymous_12)
FN:218,(anonymous_13)
FN:225,(anonymous_14)
FN:246,(anonymous_15)
FN:282,(anonymous_16)
FN:302,(anonymous_17)
FN:314,(anonymous_18)
FN:321,(anonymous_19)
FN:333,(anonymous_20)
FN:341,(anonymous_21)
FN:349,(anonymous_22)
FN:357,(anonymous_23)
FN:365,(anonymous_24)
FNF:25
FNH:24
FNDA:1,(anonymous_0)
FNDA:36,(anonymous_1)
FNDA:34,(anonymous_2)
FNDA:25,(anonymous_3)
FNDA:2,(anonymous_4)
FNDA:19,(anonymous_5)
FNDA:19,(anonymous_6)
FNDA:23,(anonymous_7)
FNDA:31,(anonymous_8)
FNDA:7,(anonymous_9)
FNDA:1,(anonymous_10)
FNDA:2,(anonymous_11)
FNDA:2,(anonymous_12)
FNDA:3,(anonymous_13)
FNDA:2,(anonymous_14)
FNDA:32,(anonymous_15)
FNDA:27,(anonymous_16)
FNDA:2,(anonymous_17)
FNDA:1,(anonymous_18)
FNDA:25,(anonymous_19)
FNDA:1,(anonymous_20)
FNDA:1,(anonymous_21)
FNDA:1,(anonymous_22)
FNDA:1,(anonymous_23)
FNDA:0,(anonymous_24)
DA:8,1
DA:14,1
DA:27,36
DA:28,36
DA:29,36
DA:30,36
DA:31,36
DA:32,36
DA:33,36
DA:34,36
DA:42,34
DA:43,0
DA:44,0
DA:47,34
DA:48,34
DA:49,1
DA:50,1
DA:54,33
DA:55,33
DA:56,33
DA:57,33
DA:58,33
DA:61,33
DA:62,1
DA:66,33
DA:68,33
DA:69,33
DA:77,25
DA:78,3
DA:81,22
DA:83,22
DA:84,17
DA:86,5
DA:87,5
DA:88,2
DA:97,19
DA:100,19
DA:101,19
DA:104,19
DA:107,19
DA:108,25
DA:111,19
DA:118,19
DA:119,1
DA:123,18
DA:124,23
DA:125,5
DA:127,18
DA:135,31
DA:137,31
DA:138,31
DA:139,31
DA:141,31
DA:142,31
DA:143,31
DA:145,31
DA:146,31
DA:147,31
DA:149,31
DA:150,31
DA:151,31
DA:153,31
DA:163,7
DA:165,7
DA:167,7
DA:169,1
DA:170,1
DA:171,1
DA:173,1
DA:176,6
DA:188,1
DA:189,1
DA:191,1
DA:198,2
DA:199,2
DA:200,2
DA:208,2
DA:209,2
DA:210,2
DA:219,3
DA:227,2
DA:228,1
DA:229,1
DA:233,2
DA:234,2
DA:237,2
DA:238,2
DA:239,2
DA:240,2
DA:248,32
DA:249,1
DA:253,31
DA:254,1
DA:258,30
DA:259,0
DA:263,30
DA:264,0
DA:267,30
DA:268,2
DA:271,28
DA:272,1
DA:276,27
DA:283,27
DA:284,0
DA:288,27
DA:289,26
DA:293,1
DA:303,2
DA:305,1
DA:308,1
DA:315,1
DA:323,25
DA:324,25
DA:334,1
DA:342,1
DA:350,1
DA:358,1
DA:366,0
DA:371,1
DA:374,1
DA:375,1
DA:377,1
LF:122
LH:116
BRDA:26,0,0,29
BRDA:42,1,0,0
BRDA:42,1,1,34
BRDA:48,2,0,1
BRDA:48,2,1,33
BRDA:61,3,0,1
BRDA:61,3,1,32
BRDA:77,4,0,3
BRDA:77,4,1,22
BRDA:77,5,0,25
BRDA:77,5,1,23
BRDA:83,6,0,17
BRDA:83,6,1,5
BRDA:97,7,0,0
BRDA:97,7,1,19
BRDA:97,8,0,19
BRDA:97,8,1,19
BRDA:118,9,0,1
BRDA:118,9,1,18
BRDA:124,10,0,5
BRDA:124,10,1,18
BRDA:124,11,0,23
BRDA:124,11,1,22
BRDA:124,11,2,5
BRDA:143,12,0,31
BRDA:143,12,1,24
BRDA:163,13,0,0
BRDA:163,13,1,7
BRDA:167,14,0,1
BRDA:167,14,1,6
BRDA:170,15,0,1
BRDA:170,15,1,0
BRDA:179,16,0,6
BRDA:179,16,1,1
BRDA:188,17,0,1
BRDA:188,17,1,0
BRDA:199,18,0,2
BRDA:199,18,1,0
BRDA:209,19,0,2
BRDA:209,19,1,0
BRDA:227,20,0,1
BRDA:227,20,1,1
BRDA:233,21,0,2
BRDA:233,21,1,0
BRDA:233,22,0,2
BRDA:233,22,1,2
BRDA:248,23,0,1
BRDA:248,23,1,31
BRDA:248,24,0,32
BRDA:248,24,1,31
BRDA:253,25,0,1
BRDA:253,25,1,30
BRDA:258,26,0,0
BRDA:258,26,1,30
BRDA:258,27,0,30
BRDA:258,27,1,30
BRDA:258,27,2,30
BRDA:263,28,0,0
BRDA:263,28,1,30
BRDA:267,29,0,2
BRDA:267,29,1,28
BRDA:271,30,0,1
BRDA:271,30,1,27
BRDA:283,31,0,0
BRDA:283,31,1,27
BRDA:288,32,0,26
BRDA:288,32,1,1
BRDA:303,33,0,1
BRDA:303,33,1,1
BRDA:374,34,0,1
BRDA:374,34,1,0
BRDA:374,35,0,1
BRDA:374,35,1,1
BRDA:379,36,0,1
BRDA:379,36,1,0
BRF:75
BRH:62
end_of_record
